{"level":"INFO","message":"[4:13:41.238 PM]: Trying to initialize Easy Logging"}
{"level":"INFO","message":"[4:13:41.245 PM]: No client config file found in default directories"}
{"level":"INFO","message":"[4:13:41.245 PM]: Easy Logging is disabled as no config has been found"}
{"level":"INFO","message":"[4:15:50.043 PM]: Trying to initialize Easy Logging"}
{"level":"INFO","message":"[4:15:50.063 PM]: No client config file found in default directories"}
{"level":"INFO","message":"[4:15:50.064 PM]: Easy Logging is disabled as no config has been found"}
{"level":"INFO","message":"[4:18:14.504 PM]: Trying to initialize Easy Logging"}
{"level":"INFO","message":"[4:18:14.522 PM]: No client config file found in default directories"}
{"level":"INFO","message":"[4:18:14.522 PM]: Easy Logging is disabled as no config has been found"}
{"level":"INFO","message":"[4:19:00.642 PM]: Trying to initialize Easy Logging"}
{"level":"INFO","message":"[4:19:00.663 PM]: No client config file found in default directories"}
{"level":"INFO","message":"[4:19:00.663 PM]: Easy Logging is disabled as no config has been found"}
{"level":"INFO","message":"[4:28:08.989 PM]: Trying to initialize Easy Logging"}
{"level":"INFO","message":"[4:28:09.008 PM]: No client config file found in default directories"}
{"level":"INFO","message":"[4:28:09.009 PM]: Easy Logging is disabled as no config has been found"}
{"level":"INFO","message":"[4:32:05.336 PM]: Trying to initialize Easy Logging"}
{"level":"INFO","message":"[4:32:05.357 PM]: No client config file found in default directories"}
{"level":"INFO","message":"[4:32:05.358 PM]: Easy Logging is disabled as no config has been found"}
{"level":"INFO","message":"[4:36:57.500 PM]: Trying to initialize Easy Logging"}
{"level":"INFO","message":"[4:36:57.515 PM]: No client config file found in default directories"}
{"level":"INFO","message":"[4:36:57.516 PM]: Easy Logging is disabled as no config has been found"}
{"level":"INFO","message":"[4:44:12.951 PM]: Trying to initialize Easy Logging"}
{"level":"INFO","message":"[4:44:12.971 PM]: No client config file found in default directories"}
{"level":"INFO","message":"[4:44:12.972 PM]: Easy Logging is disabled as no config has been found"}
{"level":"INFO","message":"[5:27:54.681 PM]: Trying to initialize Easy Logging"}
{"level":"INFO","message":"[5:27:54.691 PM]: No client config file found in default directories"}
{"level":"INFO","message":"[5:27:54.691 PM]: Easy Logging is disabled as no config has been found"}
{"level":"INFO","message":"[5:31:22.473 PM]: Trying to initialize Easy Logging"}
{"level":"INFO","message":"[5:31:22.482 PM]: No client config file found in default directories"}
{"level":"INFO","message":"[5:31:22.482 PM]: Easy Logging is disabled as no config has been found"}
{"level":"INFO","message":"[5:36:16.905 PM]: Trying to initialize Easy Logging"}
{"level":"INFO","message":"[5:36:16.916 PM]: No client config file found in default directories"}
{"level":"INFO","message":"[5:36:16.917 PM]: Easy Logging is disabled as no config has been found"}
{"level":"INFO","message":"[5:36:49.869 PM]: Trying to initialize Easy Logging"}
{"level":"INFO","message":"[5:36:49.883 PM]: No client config file found in default directories"}
{"level":"INFO","message":"[5:36:49.884 PM]: Easy Logging is disabled as no config has been found"}
{"level":"INFO","message":"[5:37:26.706 PM]: Trying to initialize Easy Logging"}
{"level":"INFO","message":"[5:37:26.720 PM]: No client config file found in default directories"}
{"level":"INFO","message":"[5:37:26.721 PM]: Easy Logging is disabled as no config has been found"}
{"level":"INFO","message":"[5:37:50.715 PM]: Trying to initialize Easy Logging"}
{"level":"INFO","message":"[5:37:50.730 PM]: No client config file found in default directories"}
{"level":"INFO","message":"[5:37:50.731 PM]: Easy Logging is disabled as no config has been found"}
{"level":"INFO","message":"[5:41:42.966 PM]: Trying to initialize Easy Logging"}
{"level":"INFO","message":"[5:41:42.979 PM]: No client config file found in default directories"}
{"level":"INFO","message":"[5:41:42.980 PM]: Easy Logging is disabled as no config has been found"}
{"level":"INFO","message":"[5:47:48.254 PM]: Trying to initialize Easy Logging"}
{"level":"INFO","message":"[5:47:48.266 PM]: No client config file found in default directories"}
{"level":"INFO","message":"[5:47:48.267 PM]: Easy Logging is disabled as no config has been found"}
{"level":"INFO","message":"[6:00:34.687 PM]: Trying to initialize Easy Logging"}
{"level":"INFO","message":"[6:00:34.699 PM]: No client config file found in default directories"}
{"level":"INFO","message":"[6:00:34.700 PM]: Easy Logging is disabled as no config has been found"}
{"level":"INFO","message":"[6:01:03.753 PM]: Trying to initialize Easy Logging"}
{"level":"INFO","message":"[6:01:03.765 PM]: No client config file found in default directories"}
{"level":"INFO","message":"[6:01:03.765 PM]: Easy Logging is disabled as no config has been found"}
{"level":"INFO","message":"[6:02:44.424 PM]: Trying to initialize Easy Logging"}
{"level":"INFO","message":"[6:02:44.435 PM]: No client config file found in default directories"}
{"level":"INFO","message":"[6:02:44.436 PM]: Easy Logging is disabled as no config has been found"}
{"level":"INFO","message":"[6:03:22.494 PM]: Trying to initialize Easy Logging"}
{"level":"INFO","message":"[6:03:22.509 PM]: No client config file found in default directories"}
{"level":"INFO","message":"[6:03:22.510 PM]: Easy Logging is disabled as no config has been found"}
{"level":"INFO","message":"[6:03:58.205 PM]: Trying to initialize Easy Logging"}
{"level":"INFO","message":"[6:03:58.219 PM]: No client config file found in default directories"}
{"level":"INFO","message":"[6:03:58.219 PM]: Easy Logging is disabled as no config has been found"}
{"level":"INFO","message":"[6:15:21.645 PM]: Trying to initialize Easy Logging"}
{"level":"INFO","message":"[6:15:21.655 PM]: No client config file found in default directories"}
{"level":"INFO","message":"[6:15:21.656 PM]: Easy Logging is disabled as no config has been found"}
{"level":"INFO","message":"[6:19:09.429 PM]: Trying to initialize Easy Logging"}
{"level":"INFO","message":"[6:19:09.440 PM]: No client config file found in default directories"}
{"level":"INFO","message":"[6:19:09.440 PM]: Easy Logging is disabled as no config has been found"}
{"level":"INFO","message":"[6:19:54.195 PM]: Trying to initialize Easy Logging"}
{"level":"INFO","message":"[6:19:54.207 PM]: No client config file found in default directories"}
{"level":"INFO","message":"[6:19:54.207 PM]: Easy Logging is disabled as no config has been found"}
{"level":"INFO","message":"[6:20:56.634 PM]: Trying to initialize Easy Logging"}
{"level":"INFO","message":"[6:20:56.644 PM]: No client config file found in default directories"}
{"level":"INFO","message":"[6:20:56.645 PM]: Easy Logging is disabled as no config has been found"}
{"level":"INFO","message":"[6:21:28.563 PM]: Trying to initialize Easy Logging"}
{"level":"INFO","message":"[6:21:28.574 PM]: No client config file found in default directories"}
{"level":"INFO","message":"[6:21:28.575 PM]: Easy Logging is disabled as no config has been found"}
{"level":"INFO","message":"[6:21:53.415 PM]: Trying to initialize Easy Logging"}
{"level":"INFO","message":"[6:21:53.427 PM]: No client config file found in default directories"}
{"level":"INFO","message":"[6:21:53.428 PM]: Easy Logging is disabled as no config has been found"}
{"level":"INFO","message":"[6:24:21.892 PM]: Trying to initialize Easy Logging"}
{"level":"INFO","message":"[6:24:21.901 PM]: No client config file found in default directories"}
{"level":"INFO","message":"[6:24:21.902 PM]: Easy Logging is disabled as no config has been found"}
{"level":"INFO","message":"[6:28:39.630 PM]: Trying to initialize Easy Logging"}
{"level":"INFO","message":"[6:28:39.640 PM]: No client config file found in default directories"}
{"level":"INFO","message":"[6:28:39.641 PM]: Easy Logging is disabled as no config has been found"}
{"level":"INFO","message":"[6:40:10.740 PM]: Trying to initialize Easy Logging"}
{"level":"INFO","message":"[6:40:10.749 PM]: No client config file found in default directories"}
{"level":"INFO","message":"[6:40:10.749 PM]: Easy Logging is disabled as no config has been found"}
{"level":"INFO","message":"[6:42:29.907 PM]: Trying to initialize Easy Logging"}
{"level":"INFO","message":"[6:42:29.915 PM]: No client config file found in default directories"}
{"level":"INFO","message":"[6:42:29.916 PM]: Easy Logging is disabled as no config has been found"}
{"level":"INFO","message":"[6:46:47.219 PM]: Trying to initialize Easy Logging"}
{"level":"INFO","message":"[6:46:47.226 PM]: No client config file found in default directories"}
{"level":"INFO","message":"[6:46:47.227 PM]: Easy Logging is disabled as no config has been found"}
{"level":"INFO","message":"[6:47:19.768 PM]: Trying to initialize Easy Logging"}
{"level":"INFO","message":"[6:47:19.776 PM]: No client config file found in default directories"}
{"level":"INFO","message":"[6:47:19.777 PM]: Easy Logging is disabled as no config has been found"}
{"level":"INFO","message":"[6:49:18.049 PM]: Trying to initialize Easy Logging"}
{"level":"INFO","message":"[6:49:18.057 PM]: No client config file found in default directories"}
{"level":"INFO","message":"[6:49:18.058 PM]: Easy Logging is disabled as no config has been found"}
{"level":"INFO","message":"[6:51:29.131 PM]: Trying to initialize Easy Logging"}
{"level":"INFO","message":"[6:51:29.139 PM]: No client config file found in default directories"}
{"level":"INFO","message":"[6:51:29.140 PM]: Easy Logging is disabled as no config has been found"}
{"level":"INFO","message":"[6:51:56.431 PM]: Trying to initialize Easy Logging"}
{"level":"INFO","message":"[6:51:56.439 PM]: No client config file found in default directories"}
{"level":"INFO","message":"[6:51:56.440 PM]: Easy Logging is disabled as no config has been found"}
{"level":"INFO","message":"[6:52:48.560 PM]: Trying to initialize Easy Logging"}
{"level":"INFO","message":"[6:52:48.568 PM]: No client config file found in default directories"}
{"level":"INFO","message":"[6:52:48.569 PM]: Easy Logging is disabled as no config has been found"}
{"level":"INFO","message":"[6:53:55.339 PM]: Trying to initialize Easy Logging"}
{"level":"INFO","message":"[6:53:55.348 PM]: No client config file found in default directories"}
{"level":"INFO","message":"[6:53:55.348 PM]: Easy Logging is disabled as no config has been found"}
{"level":"INFO","message":"[6:57:31.315 PM]: Trying to initialize Easy Logging"}
{"level":"INFO","message":"[6:57:31.330 PM]: No client config file found in default directories"}
{"level":"INFO","message":"[6:57:31.331 PM]: Easy Logging is disabled as no config has been found"}
{"level":"INFO","message":"[6:58:26.290 PM]: Trying to initialize Easy Logging"}
{"level":"INFO","message":"[6:58:26.297 PM]: No client config file found in default directories"}
{"level":"INFO","message":"[6:58:26.297 PM]: Easy Logging is disabled as no config has been found"}
{"level":"INFO","message":"[7:02:50.205 PM]: Trying to initialize Easy Logging"}
{"level":"INFO","message":"[7:02:50.213 PM]: No client config file found in default directories"}
{"level":"INFO","message":"[7:02:50.214 PM]: Easy Logging is disabled as no config has been found"}
{"level":"INFO","message":"[7:03:20.606 PM]: Trying to initialize Easy Logging"}
{"level":"INFO","message":"[7:03:20.614 PM]: No client config file found in default directories"}
{"level":"INFO","message":"[7:03:20.615 PM]: Easy Logging is disabled as no config has been found"}
{"level":"INFO","message":"[7:08:03.418 PM]: Trying to initialize Easy Logging"}
{"level":"INFO","message":"[7:08:03.426 PM]: No client config file found in default directories"}
{"level":"INFO","message":"[7:08:03.426 PM]: Easy Logging is disabled as no config has been found"}
{"level":"INFO","message":"[7:10:25.173 PM]: Trying to initialize Easy Logging"}
{"level":"INFO","message":"[7:10:25.181 PM]: No client config file found in default directories"}
{"level":"INFO","message":"[7:10:25.182 PM]: Easy Logging is disabled as no config has been found"}
{"level":"INFO","message":"[7:14:34.043 PM]: Trying to initialize Easy Logging"}
{"level":"INFO","message":"[7:14:34.051 PM]: No client config file found in default directories"}
{"level":"INFO","message":"[7:14:34.051 PM]: Easy Logging is disabled as no config has been found"}
{"level":"INFO","message":"[7:15:36.799 PM]: Trying to initialize Easy Logging"}
{"level":"INFO","message":"[7:15:36.808 PM]: No client config file found in default directories"}
{"level":"INFO","message":"[7:15:36.809 PM]: Easy Logging is disabled as no config has been found"}
{"level":"INFO","message":"[7:17:25.728 PM]: Trying to initialize Easy Logging"}
{"level":"INFO","message":"[7:17:25.737 PM]: No client config file found in default directories"}
{"level":"INFO","message":"[7:17:25.737 PM]: Easy Logging is disabled as no config has been found"}
{"level":"INFO","message":"[7:17:49.517 PM]: Trying to initialize Easy Logging"}
{"level":"INFO","message":"[7:17:49.525 PM]: No client config file found in default directories"}
{"level":"INFO","message":"[7:17:49.525 PM]: Easy Logging is disabled as no config has been found"}
{"level":"INFO","message":"[7:18:15.432 PM]: Trying to initialize Easy Logging"}
{"level":"INFO","message":"[7:18:15.440 PM]: No client config file found in default directories"}
{"level":"INFO","message":"[7:18:15.440 PM]: Easy Logging is disabled as no config has been found"}
{"level":"INFO","message":"[7:35:16.664 PM]: Trying to initialize Easy Logging"}
{"level":"INFO","message":"[7:35:16.672 PM]: No client config file found in default directories"}
{"level":"INFO","message":"[7:35:16.673 PM]: Easy Logging is disabled as no config has been found"}
{"level":"INFO","message":"[7:36:11.695 PM]: Trying to initialize Easy Logging"}
{"level":"INFO","message":"[7:36:11.703 PM]: No client config file found in default directories"}
{"level":"INFO","message":"[7:36:11.703 PM]: Easy Logging is disabled as no config has been found"}
{"level":"INFO","message":"[8:04:56.750 PM]: Trying to initialize Easy Logging"}
{"level":"INFO","message":"[8:04:56.758 PM]: No client config file found in default directories"}
{"level":"INFO","message":"[8:04:56.759 PM]: Easy Logging is disabled as no config has been found"}
{"level":"INFO","message":"[8:06:54.969 PM]: Trying to initialize Easy Logging"}
{"level":"INFO","message":"[8:06:54.977 PM]: No client config file found in default directories"}
{"level":"INFO","message":"[8:06:54.978 PM]: Easy Logging is disabled as no config has been found"}
{"level":"INFO","message":"[8:36:43.600 PM]: Trying to initialize Easy Logging"}
{"level":"INFO","message":"[8:36:43.610 PM]: No client config file found in default directories"}
{"level":"INFO","message":"[8:36:43.611 PM]: Easy Logging is disabled as no config has been found"}
{"level":"INFO","message":"[8:37:27.041 PM]: Trying to initialize Easy Logging"}
{"level":"INFO","message":"[8:37:27.049 PM]: No client config file found in default directories"}
{"level":"INFO","message":"[8:37:27.049 PM]: Easy Logging is disabled as no config has been found"}
{"level":"INFO","message":"[8:37:49.833 PM]: Trying to initialize Easy Logging"}
{"level":"INFO","message":"[8:37:49.843 PM]: No client config file found in default directories"}
{"level":"INFO","message":"[8:37:49.843 PM]: Easy Logging is disabled as no config has been found"}
{"level":"INFO","message":"[8:38:14.402 PM]: Trying to initialize Easy Logging"}
{"level":"INFO","message":"[8:38:14.411 PM]: No client config file found in default directories"}
{"level":"INFO","message":"[8:38:14.412 PM]: Easy Logging is disabled as no config has been found"}
{"level":"INFO","message":"[8:44:02.319 PM]: Trying to initialize Easy Logging"}
{"level":"INFO","message":"[8:44:02.326 PM]: No client config file found in default directories"}
{"level":"INFO","message":"[8:44:02.326 PM]: Easy Logging is disabled as no config has been found"}
{"level":"INFO","message":"[8:58:00.068 PM]: Trying to initialize Easy Logging"}
{"level":"INFO","message":"[8:58:00.077 PM]: No client config file found in default directories"}
{"level":"INFO","message":"[8:58:00.077 PM]: Easy Logging is disabled as no config has been found"}
{"level":"INFO","message":"[8:59:48.342 PM]: Trying to initialize Easy Logging"}
{"level":"INFO","message":"[8:59:48.353 PM]: No client config file found in default directories"}
{"level":"INFO","message":"[8:59:48.353 PM]: Easy Logging is disabled as no config has been found"}
{"level":"INFO","message":"[9:32:08.859 PM]: Trying to initialize Easy Logging"}
{"level":"INFO","message":"[9:32:08.868 PM]: No client config file found in default directories"}
{"level":"INFO","message":"[9:32:08.869 PM]: Easy Logging is disabled as no config has been found"}
{"level":"INFO","message":"[9:35:38.093 PM]: Trying to initialize Easy Logging"}
{"level":"INFO","message":"[9:35:38.108 PM]: No client config file found in default directories"}
{"level":"INFO","message":"[9:35:38.109 PM]: Easy Logging is disabled as no config has been found"}
{"level":"INFO","message":"[9:36:34.137 PM]: Trying to initialize Easy Logging"}
{"level":"INFO","message":"[9:36:34.150 PM]: No client config file found in default directories"}
{"level":"INFO","message":"[9:36:34.151 PM]: Easy Logging is disabled as no config has been found"}
{"level":"INFO","message":"[9:37:53.681 PM]: Trying to initialize Easy Logging"}
{"level":"INFO","message":"[9:37:53.691 PM]: No client config file found in default directories"}
{"level":"INFO","message":"[9:37:53.691 PM]: Easy Logging is disabled as no config has been found"}
{"level":"INFO","message":"[9:38:09.208 PM]: Trying to initialize Easy Logging"}
{"level":"INFO","message":"[9:38:09.217 PM]: No client config file found in default directories"}
{"level":"INFO","message":"[9:38:09.218 PM]: Easy Logging is disabled as no config has been found"}
{"level":"INFO","message":"[11:02:42.035 PM]: Trying to initialize Easy Logging"}
{"level":"INFO","message":"[11:02:42.042 PM]: No client config file found in default directories"}
{"level":"INFO","message":"[11:02:42.042 PM]: Easy Logging is disabled as no config has been found"}
{"level":"INFO","message":"[11:20:15.995 PM]: Trying to initialize Easy Logging"}
{"level":"INFO","message":"[11:20:16.003 PM]: No client config file found in default directories"}
{"level":"INFO","message":"[11:20:16.003 PM]: Easy Logging is disabled as no config has been found"}
{"level":"INFO","message":"[1:16:43.594 AM]: Trying to initialize Easy Logging"}
{"level":"INFO","message":"[1:16:43.604 AM]: Trying to initialize Easy Logging"}
{"level":"INFO","message":"[1:16:43.605 AM]: No client config file found in default directories"}
{"level":"INFO","message":"[1:16:43.605 AM]: Easy Logging is disabled as no config has been found"}
{"level":"INFO","message":"[1:16:43.610 AM]: No client config file found in default directories"}
{"level":"INFO","message":"[1:16:43.610 AM]: Easy Logging is disabled as no config has been found"}
{"level":"INFO","message":"[1:18:20.797 AM]: Trying to initialize Easy Logging"}
{"level":"INFO","message":"[1:18:20.806 AM]: No client config file found in default directories"}
{"level":"INFO","message":"[1:18:20.807 AM]: Easy Logging is disabled as no config has been found"}
{"level":"INFO","message":"[1:19:09.112 AM]: Trying to initialize Easy Logging"}
{"level":"INFO","message":"[1:19:09.120 AM]: No client config file found in default directories"}
{"level":"INFO","message":"[1:19:09.120 AM]: Easy Logging is disabled as no config has been found"}
{"level":"INFO","message":"[1:22:04.647 AM]: Trying to initialize Easy Logging"}
{"level":"INFO","message":"[1:22:04.655 AM]: No client config file found in default directories"}
{"level":"INFO","message":"[1:22:04.655 AM]: Easy Logging is disabled as no config has been found"}
{"level":"INFO","message":"[1:23:54.211 AM]: Trying to initialize Easy Logging"}
{"level":"INFO","message":"[1:23:54.219 AM]: No client config file found in default directories"}
{"level":"INFO","message":"[1:23:54.219 AM]: Easy Logging is disabled as no config has been found"}
{"level":"INFO","message":"[1:30:07.822 AM]: Trying to initialize Easy Logging"}
{"level":"INFO","message":"[1:30:07.829 AM]: No client config file found in default directories"}
{"level":"INFO","message":"[1:30:07.829 AM]: Easy Logging is disabled as no config has been found"}
{"level":"INFO","message":"[1:34:41.563 AM]: Trying to initialize Easy Logging"}
{"level":"INFO","message":"[1:34:41.573 AM]: Trying to initialize Easy Logging"}
{"level":"INFO","message":"[1:34:41.574 AM]: No client config file found in default directories"}
{"level":"INFO","message":"[1:34:41.574 AM]: Easy Logging is disabled as no config has been found"}
{"level":"INFO","message":"[1:34:41.579 AM]: No client config file found in default directories"}
{"level":"INFO","message":"[1:34:41.580 AM]: Easy Logging is disabled as no config has been found"}
